
1 1 1 0 1 1 1 
0 2 2 0 0 3 3 
4 4 5 5 5 6 6 
4 4 7 8 8 6 6 
9 9 7 7 8 10 10 
11 9 12 13 14 10 15 
11 16 12 17 14 18 15 
16 16 19 19 19 18 18 
20 20 21 22 23 24 24 
20 20 22 22 22 24 24 
 Best so far: 8

1 steps: 3 boards, 4/24/2011 5:17:04 PM(3 total puzzles, 3 total puzzles considered)

1 1 1 0 1 1 1 
0 0 2 2 0 3 3 
4 4 5 5 5 6 6 
4 4 7 8 8 6 6 
9 9 7 7 8 10 10 
11 9 12 13 14 10 15 
11 16 12 17 14 18 15 
16 16 19 19 19 18 18 
20 20 21 22 23 24 24 
20 20 22 22 22 24 24 
 Best so far: 8

2 steps: 4 boards, 4/24/2011 5:17:04 PM(7 total puzzles, 11 total puzzles considered)

1 1 1 0 1 1 1 
0 0 0 2 2 3 3 
4 4 5 5 5 6 6 
4 4 7 8 8 6 6 
9 9 7 7 8 10 10 
11 9 12 13 14 10 15 
11 16 12 17 14 18 15 
16 16 19 19 19 18 18 
20 20 21 22 23 24 24 
20 20 22 22 22 24 24 
 Best so far: 8

3 steps: 10 boards, 4/24/2011 5:17:04 PM(17 total puzzles, 28 total puzzles considered)

1 1 1 0 1 1 1 
4 4 0 2 2 3 3 
4 4 5 5 5 6 6 
0 0 7 8 8 6 6 
9 9 7 7 8 10 10 
11 9 12 13 14 10 15 
11 16 12 17 14 18 15 
16 16 19 19 19 18 18 
20 20 21 22 23 24 24 
20 20 22 22 22 24 24 
 Best so far: 8

4 steps: 14 boards, 4/24/2011 5:17:04 PM(31 total puzzles, 60 total puzzles considered)

1 1 1 0 1 1 1 
4 4 0 2 2 3 3 
4 4 5 5 5 6 6 
9 9 7 8 8 6 6 
0 9 7 7 8 10 10 
11 0 12 13 14 10 15 
11 16 12 17 14 18 15 
16 16 19 19 19 18 18 
20 20 21 22 23 24 24 
20 20 22 22 22 24 24 
 Best so far: 8

5 steps: 21 boards, 4/24/2011 5:17:04 PM(52 total puzzles, 112 total puzzles considered)

1 1 1 0 1 1 1 
4 4 0 2 2 3 3 
4 4 5 5 5 6 6 
9 9 7 8 8 6 6 
11 9 7 7 8 10 10 
11 0 12 13 14 10 15 
0 16 12 17 14 18 15 
16 16 19 19 19 18 18 
20 20 21 22 23 24 24 
20 20 22 22 22 24 24 
 Best so far: 8

6 steps: 30 boards, 4/24/2011 5:17:04 PM(82 total puzzles, 196 total puzzles considered)

1 1 1 0 1 1 1 
4 4 0 2 2 3 3 
4 4 5 5 5 6 6 
9 9 7 8 8 6 6 
11 9 7 7 8 10 10 
11 16 12 13 14 10 15 
16 16 12 17 14 18 15 
0 0 19 19 19 18 18 
20 20 21 22 23 24 24 
20 20 22 22 22 24 24 
 Best so far: 8

7 steps: 41 boards, 4/24/2011 5:17:04 PM(123 total puzzles, 322 total puzzles considered)

1 1 1 0 1 1 1 
4 4 0 2 2 3 3 
4 4 5 5 5 6 6 
9 9 7 8 8 6 6 
11 9 7 7 8 10 10 
11 16 12 13 14 10 15 
16 16 12 17 14 18 15 
0 19 19 19 0 18 18 
20 20 21 22 23 24 24 
20 20 22 22 22 24 24 
 Best so far: 8

8 steps: 58 boards, 4/24/2011 5:17:04 PM(181 total puzzles, 487 total puzzles considered)

1 1 1 0 1 1 1 
4 4 0 2 2 3 3 
4 4 5 5 5 6 6 
9 9 7 8 8 6 6 
11 9 7 7 8 10 10 
11 16 12 13 0 10 15 
16 16 12 17 14 18 15 
0 19 19 19 14 18 18 
20 20 21 22 23 24 24 
20 20 22 22 22 24 24 
 Best so far: 8

9 steps: 84 boards, 4/24/2011 5:17:04 PM(265 total puzzles, 708 total puzzles considered)

1 1 1 0 1 1 1 
4 4 0 2 2 3 3 
4 4 5 5 5 6 6 
9 9 7 8 8 6 6 
11 9 7 7 8 10 10 
11 16 12 0 13 10 15 
16 16 12 17 14 18 15 
0 19 19 19 14 18 18 
20 20 21 22 23 24 24 
20 20 22 22 22 24 24 
 Best so far: 8

10 steps: 111 boards, 4/24/2011 5:17:04 PM(376 total puzzles, 1037 total puzzles considered)

1 1 1 0 1 1 1 
4 4 0 2 2 3 3 
4 4 5 5 5 6 6 
9 9 7 8 8 6 6 
11 9 7 7 8 10 10 
11 16 12 17 13 10 15 
16 16 12 0 14 18 15 
0 19 19 19 14 18 18 
20 20 21 22 23 24 24 
20 20 22 22 22 24 24 
1 1 1 0 1 1 1 
2 2 5 5 5 3 3 
4 4 7 8 8 6 6 
4 4 7 7 8 6 6 
9 9 12 13 14 10 10 
11 9 12 17 14 10 15 
11 16 19 19 19 18 15 
16 16 21 22 23 18 18 
20 20 22 22 22 24 24 
20 20 0 0 0 24 24 
 Best so far: 7

11 steps: 138 boards, 4/24/2011 5:17:04 PM(514 total puzzles, 1481 total puzzles considered)

1 1 1 0 1 1 1 
4 4 0 2 2 3 3 
4 4 5 5 5 6 6 
9 9 7 8 8 6 6 
11 9 7 7 8 10 10 
11 16 12 17 13 10 15 
16 16 12 0 14 18 15 
19 19 19 0 14 18 18 
20 20 21 22 23 24 24 
20 20 22 22 22 24 24 
 Best so far: 8

12 steps: 166 boards, 4/24/2011 5:17:04 PM(680 total puzzles, 2012 total puzzles considered)

1 1 1 0 1 1 1 
4 4 0 2 2 3 3 
4 4 5 5 5 6 6 
9 9 7 8 8 6 6 
11 9 7 7 8 10 10 
11 16 12 17 13 10 15 
16 16 12 14 0 18 15 
19 19 19 14 0 18 18 
20 20 21 22 23 24 24 
20 20 22 22 22 24 24 
 Best so far: 8

13 steps: 223 boards, 4/24/2011 5:17:04 PM(903 total puzzles, 2666 total puzzles considered)

1 1 1 0 1 1 1 
4 4 0 2 2 3 3 
4 4 5 5 5 6 6 
9 9 7 8 8 6 6 
11 9 7 7 8 10 10 
11 16 12 17 0 10 15 
16 16 12 14 13 18 15 
19 19 19 14 0 18 18 
20 20 21 22 23 24 24 
20 20 22 22 22 24 24 
 Best so far: 8

14 steps: 303 boards, 4/24/2011 5:17:04 PM(1206 total puzzles, 3564 total puzzles considered)

1 1 1 0 1 1 1 
4 4 0 2 2 3 3 
4 4 5 5 5 6 6 
9 9 7 8 8 6 6 
11 9 7 7 8 10 10 
11 16 12 17 0 10 15 
16 16 12 14 0 18 15 
19 19 19 14 13 18 18 
20 20 21 22 23 24 24 
20 20 22 22 22 24 24 
 Best so far: 8

15 steps: 373 boards, 4/24/2011 5:17:04 PM(1579 total puzzles, 4789 total puzzles considered)

1 1 1 0 1 1 1 
4 4 0 2 2 3 3 
4 4 5 5 5 6 6 
9 9 7 8 8 6 6 
11 9 7 7 8 10 10 
11 16 12 0 17 10 15 
16 16 12 14 0 18 15 
19 19 19 14 13 18 18 
20 20 21 22 23 24 24 
20 20 22 22 22 24 24 
1 1 1 0 1 1 1 
2 2 5 5 5 3 3 
4 4 7 8 8 6 6 
4 4 7 7 8 6 6 
9 9 12 14 17 10 10 
11 9 12 14 13 10 15 
11 16 19 19 19 18 15 
16 16 21 22 23 18 18 
20 20 22 22 22 24 24 
20 20 0 0 0 24 24 
 Best so far: 7

16 steps: 439 boards, 4/24/2011 5:17:04 PM(2018 total puzzles, 6268 total puzzles considered)

1 1 1 0 1 1 1 
4 4 0 2 2 3 3 
4 4 5 5 5 6 6 
9 9 7 8 8 6 6 
11 9 7 7 8 10 10 
11 16 12 14 17 10 15 
16 16 12 14 0 18 15 
19 19 19 0 13 18 18 
20 20 21 22 23 24 24 
20 20 22 22 22 24 24 
 Best so far: 8

17 steps: 487 boards, 4/24/2011 5:17:04 PM(2505 total puzzles, 7941 total puzzles considered)

1 1 1 0 1 1 1 
4 4 0 2 2 3 3 
4 4 5 5 5 6 6 
9 9 7 8 8 6 6 
11 9 7 7 8 10 10 
11 16 12 14 17 10 15 
16 16 12 14 0 18 15 
0 19 19 19 13 18 18 
20 20 21 22 23 24 24 
20 20 22 22 22 24 24 
 Best so far: 8

18 steps: 526 boards, 4/24/2011 5:17:04 PM(3031 total puzzles, 9754 total puzzles considered)

1 1 1 0 1 1 1 
4 4 0 2 2 3 3 
4 4 5 5 5 6 6 
9 9 7 8 8 6 6 
11 9 7 7 8 10 10 
11 0 12 14 17 10 15 
0 16 12 14 13 18 15 
16 16 19 19 19 18 18 
20 20 21 22 23 24 24 
20 20 22 22 22 24 24 
 Best so far: 8

19 steps: 562 boards, 4/24/2011 5:17:04 PM(3593 total puzzles, 11621 total puzzles considered)

1 1 1 0 1 1 1 
4 4 0 0 0 2 2 
4 4 5 5 5 3 3 
9 9 7 8 8 6 6 
11 9 7 7 8 6 6 
11 16 12 17 13 10 10 
16 16 12 14 18 10 15 
19 19 19 14 18 18 15 
20 20 21 22 23 24 24 
20 20 22 22 22 24 24 
 Best so far: 8

20 steps: 592 boards, 4/24/2011 5:17:04 PM(4185 total puzzles, 13536 total puzzles considered)

1 1 1 0 1 1 1 
4 4 5 5 5 2 2 
4 4 0 0 0 3 3 
9 9 7 8 8 6 6 
11 9 7 7 8 6 6 
11 16 12 17 13 10 10 
16 16 12 14 18 10 15 
19 19 19 14 18 18 15 
20 20 21 22 23 24 24 
20 20 22 22 22 24 24 
 Best so far: 8

21 steps: 649 boards, 4/24/2011 5:17:05 PM(4834 total puzzles, 15553 total puzzles considered)

1 1 1 0 1 1 1 
4 4 5 5 5 2 2 
4 4 0 0 3 3 0 
9 9 7 8 8 6 6 
11 9 7 7 8 6 6 
11 16 12 17 13 10 10 
16 16 12 14 18 10 15 
19 19 19 14 18 18 15 
20 20 21 22 23 24 24 
20 20 22 22 22 24 24 
 Best so far: 8

22 steps: 745 boards, 4/24/2011 5:17:05 PM(5579 total puzzles, 17806 total puzzles considered)

1 1 1 0 1 1 1 
4 4 5 5 5 2 2 
4 4 0 3 3 0 0 
9 9 7 8 8 6 6 
11 9 7 7 8 6 6 
11 16 12 17 13 10 10 
16 16 12 14 18 10 15 
19 19 19 14 18 18 15 
20 20 21 22 23 24 24 
20 20 22 22 22 24 24 
1 1 1 0 1 1 1 
2 2 5 5 5 3 3 
4 4 8 8 14 6 6 
4 4 7 8 14 6 6 
9 9 7 7 12 10 10 
11 9 17 13 12 10 15 
11 16 19 19 19 18 15 
16 16 21 22 23 18 18 
20 20 22 22 22 24 24 
20 20 0 0 0 24 24 
 Best so far: 7

23 steps: 807 boards, 4/24/2011 5:17:05 PM(6386 total puzzles, 20362 total puzzles considered)

1 1 1 0 1 1 1 
4 4 5 5 5 0 0 
4 4 0 3 3 2 2 
9 9 7 8 8 6 6 
11 9 7 7 8 6 6 
11 16 12 17 13 10 10 
16 16 12 14 18 10 15 
19 19 19 14 18 18 15 
20 20 21 22 23 24 24 
20 20 22 22 22 24 24 
 Best so far: 8

24 steps: 872 boards, 4/24/2011 5:17:05 PM(7258 total puzzles, 23153 total puzzles considered)

1 1 1 0 1 1 1 
4 4 5 5 5 0 0 
4 4 3 3 0 2 2 
9 9 7 8 8 6 6 
11 9 7 7 8 6 6 
11 16 12 17 13 10 10 
16 16 12 14 18 10 15 
19 19 19 14 18 18 15 
20 20 21 22 23 24 24 
20 20 22 22 22 24 24 
 Best so far: 8

25 steps: 1020 boards, 4/24/2011 5:17:05 PM(8278 total puzzles, 26253 total puzzles considered)

1 1 1 0 1 1 1 
4 4 5 5 5 0 0 
4 4 3 3 2 2 0 
9 9 7 8 8 6 6 
11 9 7 7 8 6 6 
11 16 12 17 13 10 10 
16 16 12 14 18 10 15 
19 19 19 14 18 18 15 
20 20 21 22 23 24 24 
20 20 22 22 22 24 24 
 Best so far: 8

26 steps: 1138 boards, 4/24/2011 5:17:05 PM(9416 total puzzles, 29793 total puzzles considered)

1 1 1 0 1 1 1 
4 4 0 5 5 5 0 
4 4 3 3 2 2 0 
9 9 7 8 8 6 6 
11 9 7 7 8 6 6 
11 16 12 17 13 10 10 
16 16 12 14 18 10 15 
19 19 19 14 18 18 15 
20 20 21 22 23 24 24 
20 20 22 22 22 24 24 
1 1 1 0 1 1 1 
2 2 5 5 5 3 3 
4 4 7 8 8 6 6 
4 4 7 7 8 6 6 
9 9 12 14 10 10 15 
11 9 12 14 10 18 15 
11 16 17 13 23 18 18 
16 16 21 22 19 19 19 
20 20 22 22 22 24 24 
20 20 0 0 0 24 24 
 Best so far: 7

27 steps: 1273 boards, 4/24/2011 5:17:05 PM(10689 total puzzles, 33776 total puzzles considered)

1 1 1 0 1 1 1 
4 4 5 5 5 2 2 
4 4 3 3 0 6 6 
9 9 7 8 8 6 6 
11 9 7 7 8 10 10 
11 16 12 17 13 10 15 
16 16 12 14 0 18 15 
19 19 19 14 0 18 18 
20 20 21 22 23 24 24 
20 20 22 22 22 24 24 
 Best so far: 8

28 steps: 1433 boards, 4/24/2011 5:17:05 PM(12122 total puzzles, 38281 total puzzles considered)

1 1 1 0 1 1 1 
4 4 5 5 5 2 2 
4 4 3 3 0 6 6 
9 9 7 8 8 6 6 
11 9 7 7 8 10 10 
11 16 12 17 0 10 15 
16 16 12 14 13 18 15 
19 19 19 14 0 18 18 
20 20 21 22 23 24 24 
20 20 22 22 22 24 24 
 Best so far: 8

29 steps: 1604 boards, 4/24/2011 5:17:05 PM(13726 total puzzles, 43411 total puzzles considered)

1 1 1 0 1 1 1 
4 4 5 5 5 2 2 
4 4 3 3 0 6 6 
9 9 7 8 8 6 6 
11 9 7 7 8 10 10 
11 16 12 17 0 10 15 
16 16 12 14 0 18 15 
19 19 19 14 13 18 18 
20 20 21 22 23 24 24 
20 20 22 22 22 24 24 
 Best so far: 8

30 steps: 1771 boards, 4/24/2011 5:17:05 PM(15497 total puzzles, 49160 total puzzles considered)

1 1 1 0 1 1 1 
4 4 5 5 5 2 2 
4 4 3 3 0 6 6 
9 9 7 8 8 6 6 
11 9 7 7 8 10 10 
11 16 12 0 17 10 15 
16 16 12 14 0 18 15 
19 19 19 14 13 18 18 
20 20 21 22 23 24 24 
20 20 22 22 22 24 24 
 Best so far: 8

31 steps: 1947 boards, 4/24/2011 5:17:05 PM(17444 total puzzles, 55477 total puzzles considered)

1 1 1 0 1 1 1 
4 4 5 5 5 2 2 
4 4 3 3 0 6 6 
9 9 7 8 8 6 6 
11 9 7 7 8 10 10 
11 16 12 14 17 10 15 
16 16 12 14 0 18 15 
19 19 19 0 13 18 18 
20 20 21 22 23 24 24 
20 20 22 22 22 24 24 
1 1 1 0 1 1 1 
2 2 5 5 5 3 3 
4 4 7 8 8 6 6 
4 4 7 7 8 6 6 
9 9 13 14 10 10 15 
11 9 12 14 10 18 15 
11 16 12 17 23 18 18 
16 16 21 22 19 19 19 
20 20 22 22 22 24 24 
20 20 0 0 0 24 24 
 Best so far: 7

32 steps: 2177 boards, 4/24/2011 5:17:05 PM(19621 total puzzles, 62469 total puzzles considered)

1 1 1 0 1 1 1 
4 4 5 5 5 2 2 
4 4 3 3 0 6 6 
9 9 7 8 8 6 6 
11 9 7 7 8 10 10 
11 16 12 14 0 10 15 
16 16 12 14 17 18 15 
19 19 19 0 13 18 18 
20 20 21 22 23 24 24 
20 20 22 22 22 24 24 
1 1 1 0 1 1 1 
2 2 5 5 5 3 3 
4 4 8 8 14 6 6 
4 4 7 8 14 6 6 
9 9 7 7 10 10 15 
11 9 12 13 10 18 15 
11 16 12 17 23 18 18 
16 16 21 22 19 19 19 
20 20 22 22 22 24 24 
20 20 0 0 0 24 24 
 Best so far: 7

33 steps: 2335 boards, 4/24/2011 5:17:05 PM(21956 total puzzles, 70213 total puzzles considered)

1 1 1 0 1 1 1 
4 4 5 5 5 2 2 
4 4 3 3 0 6 6 
9 9 7 8 8 6 6 
11 9 7 7 8 10 10 
11 16 12 14 0 10 15 
16 16 12 14 17 18 15 
0 19 19 19 13 18 18 
20 20 21 22 23 24 24 
20 20 22 22 22 24 24 
 Best so far: 8

34 steps: 2454 boards, 4/24/2011 5:17:06 PM(24410 total puzzles, 78452 total puzzles considered)

1 1 1 0 1 1 1 
4 4 5 5 5 2 2 
4 4 3 3 0 6 6 
9 9 7 8 8 6 6 
0 9 7 7 8 10 10 
11 0 12 14 17 10 15 
11 16 12 14 13 18 15 
16 16 19 19 19 18 18 
20 20 21 22 23 24 24 
20 20 22 22 22 24 24 
 Best so far: 8

35 steps: 2612 boards, 4/24/2011 5:17:06 PM(27022 total puzzles, 87080 total puzzles considered)

1 1 1 0 1 1 1 
4 4 5 5 5 2 2 
4 4 3 3 0 6 6 
0 0 7 8 8 6 6 
9 9 7 7 8 10 10 
11 9 12 14 17 10 15 
11 16 12 14 13 18 15 
16 16 19 19 19 18 18 
20 20 21 22 23 24 24 
20 20 22 22 22 24 24 
 Best so far: 8

36 steps: 2850 boards, 4/24/2011 5:17:06 PM(29872 total puzzles, 96308 total puzzles considered)

1 1 1 0 1 1 1 
0 0 5 5 5 2 2 
4 4 3 3 0 6 6 
4 4 7 8 8 6 6 
9 9 7 7 8 10 10 
11 9 12 14 17 10 15 
11 16 12 14 13 18 15 
16 16 19 19 19 18 18 
20 20 21 22 23 24 24 
20 20 22 22 22 24 24 
1 1 1 0 1 1 1 
2 2 5 5 5 3 3 
4 4 7 8 8 6 6 
4 4 7 7 8 6 6 
9 9 13 23 10 10 15 
11 9 12 14 10 18 15 
11 16 12 14 17 18 18 
16 16 21 22 19 19 19 
20 20 22 22 22 24 24 
20 20 0 0 0 24 24 
 Best so far: 7

37 steps: 3102 boards, 4/24/2011 5:17:06 PM(32974 total puzzles, 106342 total puzzles considered)

1 1 1 0 1 1 1 
0 5 5 5 0 2 2 
4 4 3 3 0 6 6 
4 4 7 8 8 6 6 
9 9 7 7 8 10 10 
11 9 12 14 17 10 15 
11 16 12 14 13 18 15 
16 16 19 19 19 18 18 
20 20 21 22 23 24 24 
20 20 22 22 22 24 24 
1 1 1 0 1 1 1 
2 2 5 5 5 3 3 
4 4 8 8 14 6 6 
4 4 7 8 14 6 6 
9 9 7 7 10 10 15 
11 9 13 17 10 18 15 
11 16 12 21 23 18 18 
16 16 12 22 19 19 19 
20 20 22 22 22 24 24 
20 20 0 0 0 24 24 
 Best so far: 7

38 steps: 3383 boards, 4/24/2011 5:17:06 PM(36357 total puzzles, 117312 total puzzles considered)

1 1 1 0 1 1 1 
0 5 5 5 2 2 0 
4 4 3 3 0 6 6 
4 4 7 8 8 6 6 
9 9 7 7 8 10 10 
11 9 12 14 17 10 15 
11 16 12 14 13 18 15 
16 16 19 19 19 18 18 
20 20 21 22 23 24 24 
20 20 22 22 22 24 24 
1 1 1 0 1 1 1 
2 2 5 5 5 3 3 
4 4 7 8 8 6 6 
4 4 7 7 8 6 6 
9 9 13 14 10 10 15 
11 9 17 14 10 18 15 
11 16 12 21 23 18 18 
16 16 12 22 19 19 19 
20 20 22 22 22 24 24 
20 20 0 0 0 24 24 
 Best so far: 7

39 steps: 3713 boards, 4/24/2011 5:17:06 PM(40070 total puzzles, 129282 total puzzles considered)

1 1 1 0 1 1 1 
5 5 5 0 2 2 0 
4 4 3 3 0 6 6 
4 4 7 8 8 6 6 
9 9 7 7 8 10 10 
11 9 12 14 17 10 15 
11 16 12 14 13 18 15 
16 16 19 19 19 18 18 
20 20 21 22 23 24 24 
20 20 22 22 22 24 24 
1 1 1 0 1 1 1 
2 2 5 5 5 3 3 
4 4 12 8 8 6 6 
4 4 12 7 8 6 6 
11 9 9 7 7 10 10 
11 16 9 14 18 10 15 
16 16 17 14 18 18 15 
20 20 23 22 19 19 19 
20 20 22 22 22 24 24 
21 0 13 0 0 24 24 
 Best so far: 7

40 steps: 4007 boards, 4/24/2011 5:17:07 PM(44077 total puzzles, 142293 total puzzles considered)

1 1 1 0 1 1 1 
5 5 5 2 2 0 0 
4 4 3 3 0 6 6 
4 4 7 8 8 6 6 
9 9 7 7 8 10 10 
11 9 12 14 17 10 15 
11 16 12 14 13 18 15 
16 16 19 19 19 18 18 
20 20 21 22 23 24 24 
20 20 22 22 22 24 24 
1 1 1 0 1 1 1 
2 2 5 5 5 3 3 
4 4 8 8 23 6 6 
4 4 7 8 13 6 6 
9 9 7 7 10 10 15 
11 9 12 14 10 18 15 
11 16 12 14 17 18 18 
16 16 21 22 19 19 19 
20 20 22 22 22 24 24 
20 20 0 0 0 24 24 
 Best so far: 7

41 steps: 4416 boards, 4/24/2011 5:17:07 PM(48493 total puzzles, 156530 total puzzles considered)

1 1 1 0 1 1 1 
5 5 5 2 2 6 6 
4 4 3 3 0 6 6 
4 4 7 8 8 0 0 
9 9 7 7 8 10 10 
11 9 12 14 17 10 15 
11 16 12 14 13 18 15 
16 16 19 19 19 18 18 
20 20 21 22 23 24 24 
20 20 22 22 22 24 24 
1 1 1 0 1 1 1 
2 2 5 5 5 3 3 
4 4 12 8 8 6 6 
4 4 12 7 8 6 6 
11 9 9 7 7 10 10 
11 16 9 14 18 10 15 
16 16 17 14 18 18 15 
20 20 23 22 19 19 19 
20 20 22 22 22 24 24 
21 0 0 0 13 24 24 
 Best so far: 7

42 steps: 4862 boards, 4/24/2011 5:17:07 PM(53355 total puzzles, 172323 total puzzles considered)

1 1 1 0 1 1 1 
5 5 5 2 2 6 6 
4 4 3 3 0 6 6 
4 4 7 8 8 10 10 
9 9 7 7 8 10 0 
11 9 12 14 17 0 15 
11 16 12 14 13 18 15 
16 16 19 19 19 18 18 
20 20 21 22 23 24 24 
20 20 22 22 22 24 24 
1 1 1 0 1 1 1 
5 5 5 3 3 6 6 
2 2 8 8 14 6 6 
4 4 7 8 14 10 10 
4 4 7 7 18 10 15 
11 9 9 12 18 18 15 
11 16 9 12 19 19 19 
16 16 21 22 23 13 17 
20 20 22 22 22 24 24 
20 20 0 0 0 24 24 
 Best so far: 7

43 steps: 5366 boards, 4/24/2011 5:17:08 PM(58721 total puzzles, 189907 total puzzles considered)

1 1 1 0 1 1 1 
5 5 5 2 2 6 6 
4 4 3 3 0 6 6 
4 4 7 8 8 10 10 
9 9 7 7 8 10 15 
11 9 12 14 17 0 15 
11 16 12 14 13 18 0 
16 16 19 19 19 18 18 
20 20 21 22 23 24 24 
20 20 22 22 22 24 24 
1 1 1 0 1 1 1 
2 2 5 5 5 3 3 
4 4 7 8 8 6 6 
4 4 7 7 8 6 6 
9 9 14 17 10 10 15 
11 9 14 13 10 18 15 
11 16 12 21 23 18 18 
16 16 12 22 19 19 19 
20 20 22 22 22 24 24 
20 20 0 0 0 24 24 
 Best so far: 7

44 steps: 5883 boards, 4/24/2011 5:17:08 PM(64604 total puzzles, 209316 total puzzles considered)

1 1 1 0 1 1 1 
5 5 5 2 2 6 6 
4 4 3 3 0 6 6 
4 4 7 8 8 10 10 
9 9 7 7 8 10 15 
11 9 12 14 0 17 15 
11 16 12 14 13 18 0 
16 16 19 19 19 18 18 
20 20 21 22 23 24 24 
20 20 22 22 22 24 24 
1 1 1 0 1 1 1 
4 4 2 2 5 5 5 
4 4 12 8 8 3 3 
9 9 12 7 8 6 6 
11 9 16 7 7 6 6 
11 16 16 14 10 10 15 
19 19 19 14 10 18 15 
17 13 21 22 23 18 18 
20 20 22 22 22 24 24 
20 20 0 0 0 24 24 
 Best so far: 7

45 steps: 6576 boards, 4/24/2011 5:17:08 PM(71180 total puzzles, 230775 total puzzles considered)

1 1 1 0 1 1 1 
5 5 5 2 2 6 6 
4 4 3 3 0 6 6 
4 4 7 8 8 10 10 
9 9 7 7 8 10 15 
11 9 12 14 13 17 15 
11 16 12 14 0 18 0 
16 16 19 19 19 18 18 
20 20 21 22 23 24 24 
20 20 22 22 22 24 24 
1 1 1 0 1 1 1 
2 2 5 5 5 3 3 
4 4 12 8 8 6 6 
4 4 12 7 8 6 6 
11 9 9 7 7 10 10 
11 0 9 14 18 10 15 
0 16 17 14 18 18 15 
16 16 23 22 19 19 19 
20 20 22 22 22 24 24 
20 20 21 0 13 24 24 
 Best so far: 7

46 steps: 7425 boards, 4/24/2011 5:17:09 PM(78605 total puzzles, 255057 total puzzles considered)

1 1 1 0 1 1 1 
5 5 5 2 2 6 6 
4 4 3 3 0 6 6 
4 4 7 8 8 10 10 
9 9 7 7 8 10 15 
11 9 0 14 17 18 15 
11 16 12 14 13 18 18 
16 16 12 19 19 19 0 
20 20 21 22 23 24 24 
20 20 22 22 22 24 24 
1 1 1 0 1 1 1 
2 2 5 5 5 3 3 
4 4 12 8 8 6 6 
4 4 12 7 8 6 6 
0 9 9 7 7 10 10 
11 0 9 14 18 10 15 
11 16 17 14 18 18 15 
16 16 23 22 19 19 19 
20 20 22 22 22 24 24 
20 20 21 0 13 24 24 
 Best so far: 7

47 steps: 8328 boards, 4/24/2011 5:17:09 PM(86933 total puzzles, 282715 total puzzles considered)

1 1 1 0 1 1 1 
5 5 5 2 2 6 6 
4 4 3 3 0 6 6 
4 4 7 8 8 10 10 
9 9 7 7 8 10 15 
11 9 0 14 17 18 15 
11 16 12 14 13 18 18 
16 16 12 0 19 19 19 
20 20 21 22 23 24 24 
20 20 22 22 22 24 24 
1 1 1 13 1 1 1 
2 2 5 5 5 3 3 
4 4 7 8 8 6 6 
4 4 7 7 8 6 6 
9 9 12 17 14 10 10 
11 9 12 0 14 10 15 
11 16 19 19 19 18 15 
16 16 21 22 23 18 18 
20 20 22 22 22 24 24 
20 20 0 0 0 24 24 
 Best so far: 7

48 steps: 9262 boards, 4/24/2011 5:17:10 PM(96195 total puzzles, 313787 total puzzles considered)

1 1 1 0 1 1 1 
5 5 5 2 2 6 6 
4 4 3 3 0 6 6 
4 4 7 8 8 10 10 
9 9 7 7 8 10 15 
11 9 0 0 17 18 15 
11 16 12 14 13 18 18 
16 16 12 14 19 19 19 
20 20 21 22 23 24 24 
20 20 22 22 22 24 24 
1 1 1 0 1 1 1 
5 5 5 3 3 2 2 
4 4 7 8 8 6 6 
4 4 7 7 8 6 6 
9 9 12 14 17 10 10 
11 9 12 14 13 10 15 
11 16 19 19 19 18 15 
16 16 21 22 23 18 18 
20 20 22 22 22 24 24 
20 20 0 0 0 24 24 
 Best so far: 7

49 steps: 10212 boards, 4/24/2011 5:17:11 PM(106407 total puzzles, 348487 total puzzles considered)

1 1 1 0 1 1 1 
5 5 5 2 2 6 6 
4 4 3 3 0 6 6 
4 4 0 8 8 10 10 
9 9 7 0 8 10 15 
11 9 7 7 17 18 15 
11 16 12 14 13 18 18 
16 16 12 14 19 19 19 
20 20 21 22 23 24 24 
20 20 22 22 22 24 24 
1 1 1 0 1 1 1 
5 5 5 3 3 2 2 
4 4 7 8 8 6 6 
4 4 7 7 8 6 6 
9 9 12 13 14 10 10 
11 9 12 17 14 10 15 
11 16 19 19 19 18 15 
16 16 21 22 23 18 18 
20 20 22 22 22 24 24 
20 20 0 0 0 24 24 
 Best so far: 7

50 steps: 11131 boards, 4/24/2011 5:17:11 PM(117538 total puzzles, 386689 total puzzles considered)

1 1 1 0 1 1 1 
5 5 5 2 2 6 6 
4 4 3 3 0 6 6 
4 4 8 8 0 10 10 
9 9 7 8 0 10 15 
11 9 7 7 17 18 15 
11 16 12 14 13 18 18 
16 16 12 14 19 19 19 
20 20 21 22 23 24 24 
20 20 22 22 22 24 24 
1 1 1 0 1 1 1 
2 2 5 5 5 3 3 
4 4 8 8 13 6 6 
4 4 7 8 14 6 6 
9 9 7 7 14 10 10 
11 9 16 12 18 10 15 
11 16 16 12 18 18 15 
20 20 23 22 19 19 19 
20 20 22 22 22 24 24 
21 17 0 0 0 24 24 
 Best so far: 7

51 steps: 12225 boards, 4/24/2011 5:17:12 PM(129763 total puzzles, 428280 total puzzles considered)

1 1 1 0 1 1 1 
5 5 5 2 2 6 6 
4 4 3 3 0 6 6 
4 4 8 8 10 10 0 
9 9 7 8 10 0 15 
11 9 7 7 17 18 15 
11 16 12 14 13 18 18 
16 16 12 14 19 19 19 
20 20 21 22 23 24 24 
20 20 22 22 22 24 24 
1 1 1 0 1 1 1 
5 5 5 3 3 2 2 
4 4 12 8 8 6 6 
4 4 12 7 8 6 6 
9 9 14 7 7 10 10 
11 9 14 13 17 10 15 
11 16 19 19 19 18 15 
16 16 21 22 23 18 18 
20 20 22 22 22 24 24 
20 20 0 0 0 24 24 
 Best so far: 7

52 steps: 13574 boards, 4/24/2011 5:17:13 PM(143337 total puzzles, 474148 total puzzles considered)

1 1 1 0 1 1 1 
5 5 5 2 2 6 6 
4 4 3 3 0 6 6 
4 4 8 8 10 10 15 
9 9 7 8 10 0 15 
11 9 7 7 17 18 0 
11 16 12 14 13 18 18 
16 16 12 14 19 19 19 
20 20 21 22 23 24 24 
20 20 22 22 22 24 24 
1 1 1 0 1 1 1 
5 5 5 2 2 3 3 
4 4 12 8 8 6 6 
4 4 12 7 8 6 6 
9 9 17 7 7 10 10 
11 9 14 18 13 10 15 
11 16 14 18 18 23 15 
16 16 21 22 19 19 19 
20 20 22 22 22 24 24 
20 20 0 0 0 24 24 
 Best so far: 7

53 steps: 15077 boards, 4/24/2011 5:17:14 PM(158414 total puzzles, 525288 total puzzles considered)

1 1 1 0 1 1 1 
5 5 5 2 2 6 6 
4 4 3 3 0 6 6 
4 4 8 8 10 10 15 
9 9 7 8 10 18 15 
11 9 7 7 17 18 18 
11 16 12 14 13 0 0 
16 16 12 14 19 19 19 
20 20 21 22 23 24 24 
20 20 22 22 22 24 24 
1 1 1 0 1 1 1 
2 2 5 5 5 3 3 
4 4 8 8 13 6 6 
4 4 7 8 14 6 6 
9 9 7 7 14 10 10 
11 9 16 12 18 10 15 
11 16 16 12 18 18 15 
20 20 23 22 19 19 19 
20 20 22 22 22 24 24 
21 0 0 0 17 24 24 
 Best so far: 7

54 steps: 16802 boards, 4/24/2011 5:17:15 PM(175216 total puzzles, 582422 total puzzles considered)

1 1 1 0 1 1 1 
5 5 5 2 2 6 6 
4 4 3 3 0 6 6 
4 4 8 8 10 10 15 
9 9 7 8 10 18 15 
11 9 7 7 17 18 18 
11 16 12 14 0 13 0 
16 16 12 14 19 19 19 
20 20 21 22 23 24 24 
20 20 22 22 22 24 24 
1 1 1 0 1 1 1 
2 2 8 8 5 5 5 
4 4 7 8 13 3 3 
4 4 7 7 14 6 6 
9 9 12 18 14 6 6 
11 9 12 18 18 10 10 
11 16 19 19 19 10 15 
16 16 21 22 23 17 15 
20 20 22 22 22 24 24 
20 20 0 0 0 24 24 
 Best so far: 7

55 steps: 18576 boards, 4/24/2011 5:17:16 PM(193792 total puzzles, 646131 total puzzles considered)

1 1 1 0 1 1 1 
5 5 5 2 2 6 6 
4 4 3 3 0 6 6 
4 4 8 8 10 10 15 
9 9 7 8 10 18 15 
11 9 7 7 17 18 18 
11 16 12 14 0 0 13 
16 16 12 14 19 19 19 
20 20 21 22 23 24 24 
20 20 22 22 22 24 24 
1 1 1 0 1 1 1 
5 5 5 2 2 3 3 
4 4 12 8 8 6 6 
4 4 12 7 8 6 6 
9 9 14 7 7 10 10 
11 9 14 18 17 10 15 
11 16 13 18 18 23 15 
16 16 21 22 19 19 19 
20 20 22 22 22 24 24 
20 20 0 0 0 24 24 
 Best so far: 7

56 steps: 20569 boards, 4/24/2011 5:17:17 PM(214361 total puzzles, 716835 total puzzles considered)

1 1 1 0 1 1 1 
5 5 5 2 2 6 6 
4 4 3 3 0 6 6 
4 4 8 8 10 10 15 
9 9 7 8 10 18 15 
11 9 7 7 0 18 18 
11 16 12 14 17 0 13 
16 16 12 14 19 19 19 
20 20 21 22 23 24 24 
20 20 22 22 22 24 24 
1 1 1 0 1 1 1 
5 5 5 2 2 3 3 
4 4 7 8 8 6 6 
4 4 7 7 8 6 6 
9 9 17 13 14 10 10 
11 9 12 18 14 10 15 
11 16 12 18 18 23 15 
16 16 21 22 19 19 19 
20 20 22 22 22 24 24 
20 20 0 0 0 24 24 
 Best so far: 7

57 steps: 22765 boards, 4/24/2011 5:17:18 PM(237126 total puzzles, 795287 total puzzles considered)

1 1 1 0 1 1 1 
5 5 5 2 2 6 6 
4 4 3 3 0 6 6 
4 4 8 8 10 10 15 
9 9 7 8 10 18 15 
11 9 7 7 0 18 18 
11 16 12 14 0 17 13 
16 16 12 14 19 19 19 
20 20 21 22 23 24 24 
20 20 22 22 22 24 24 
1 1 1 0 1 1 1 
5 5 5 2 2 3 3 
4 4 7 8 8 6 6 
4 4 7 7 8 6 6 
9 9 12 17 14 10 10 
11 9 12 18 14 10 15 
11 16 13 18 18 23 15 
16 16 21 22 19 19 19 
20 20 22 22 22 24 24 
20 20 0 0 0 24 24 
 Best so far: 7

58 steps: 25205 boards, 4/24/2011 5:17:20 PM(262331 total puzzles, 882396 total puzzles considered)

1 1 1 0 1 1 1 
0 5 5 5 2 2 0 
4 4 3 3 0 6 6 
4 4 7 8 8 6 6 
9 9 7 7 8 10 10 
11 9 17 13 18 10 15 
11 16 12 14 18 18 15 
16 16 12 14 19 19 19 
20 20 21 22 23 24 24 
20 20 22 22 22 24 24 
1 1 1 0 1 1 1 
2 2 5 5 5 3 3 
4 4 8 8 13 6 6 
4 4 7 8 14 6 6 
9 9 7 7 14 10 10 
0 9 16 12 18 10 15 
11 16 16 12 18 18 15 
11 0 23 22 19 19 19 
20 20 22 22 22 24 24 
20 20 0 21 17 24 24 
 Best so far: 7

59 steps: 27732 boards, 4/24/2011 5:17:21 PM(290063 total puzzles, 978719 total puzzles considered)

1 1 1 0 1 1 1 
0 5 5 5 2 2 0 
4 4 3 3 0 6 6 
4 4 7 8 8 6 6 
9 9 7 7 8 10 10 
11 9 14 17 18 10 15 
11 16 14 13 18 18 15 
16 16 12 21 19 19 19 
20 20 12 22 23 24 24 
20 20 22 22 22 24 24 
1 1 1 0 1 1 1 
5 5 5 2 2 6 6 
4 4 12 3 3 6 6 
4 4 12 8 8 10 10 
9 9 17 7 8 10 15 
11 9 14 7 7 18 15 
11 16 14 13 23 18 18 
16 16 21 22 19 19 19 
20 20 22 22 22 24 24 
20 20 0 0 0 24 24 
 Best so far: 7

60 steps: 30403 boards, 4/24/2011 5:17:23 PM(320466 total puzzles, 1084532 total puzzles considered)

1 1 1 0 1 1 1 
5 5 5 3 3 2 2 
4 4 7 8 8 6 6 
4 4 7 7 8 6 6 
11 9 9 12 10 10 15 
11 16 9 12 10 18 15 
16 16 14 0 17 18 18 
13 0 14 0 19 19 19 
20 20 21 22 23 24 24 
20 20 22 22 22 24 24 
1 1 1 0 1 1 1 
5 5 5 2 2 3 3 
4 4 8 8 14 6 6 
4 4 7 8 14 6 6 
9 9 7 7 13 10 10 
11 9 12 18 17 10 15 
11 16 12 18 18 23 15 
16 16 21 22 19 19 19 
20 20 22 22 22 24 24 
20 20 0 0 0 24 24 
 Best so far: 7

61 steps: 33419 boards, 4/24/2011 5:17:25 PM(353885 total puzzles, 1200852 total puzzles considered)

1 1 1 0 1 1 1 
5 5 5 3 3 2 2 
4 4 7 8 8 6 6 
4 4 7 7 8 6 6 
11 9 9 0 10 10 15 
11 16 9 12 10 18 15 
16 16 14 12 17 18 18 
13 0 14 0 19 19 19 
20 20 21 22 23 24 24 
20 20 22 22 22 24 24 
1 1 1 0 1 1 1 
3 3 5 5 5 2 2 
4 4 7 8 8 6 6 
4 4 7 7 8 6 6 
9 9 17 13 14 10 10 
11 9 12 18 14 10 15 
11 16 12 18 18 23 15 
16 16 21 22 19 19 19 
20 20 22 22 22 24 24 
20 20 0 0 0 24 24 
 Best so far: 7

62 steps: 36594 boards, 4/24/2011 5:17:27 PM(390479 total puzzles, 1328999 total puzzles considered)

1 1 1 0 1 1 1 
5 5 5 3 3 2 2 
4 4 7 8 8 6 6 
4 4 7 7 8 6 6 
11 9 9 0 10 10 15 
11 16 9 0 10 18 15 
16 16 14 12 17 18 18 
13 0 14 12 19 19 19 
20 20 21 22 23 24 24 
20 20 22 22 22 24 24 
1 1 1 0 1 1 1 
4 4 5 5 5 2 2 
4 4 12 3 3 6 6 
9 9 12 8 8 6 6 
11 9 16 7 8 10 10 
11 16 16 7 7 10 15 
19 19 19 17 14 18 15 
21 23 13 22 14 18 18 
20 20 22 22 22 24 24 
20 20 0 0 0 24 24 
 Best so far: 7

63 steps: 40002 boards, 4/24/2011 5:17:29 PM(430481 total puzzles, 1469827 total puzzles considered)

1 1 1 0 1 1 1 
5 5 5 3 3 2 2 
4 4 7 8 8 6 6 
4 4 7 7 8 6 6 
11 0 9 9 10 10 15 
11 16 0 9 10 18 15 
16 16 14 12 17 18 18 
13 0 14 12 19 19 19 
20 20 21 22 23 24 24 
20 20 22 22 22 24 24 
1 1 1 0 1 1 1 
5 5 5 3 3 2 2 
4 4 7 8 8 6 6 
4 4 7 7 8 6 6 
11 9 9 12 14 10 10 
11 16 9 12 14 10 15 
16 16 21 13 17 18 15 
19 19 19 22 23 18 18 
20 20 22 22 22 24 24 
20 20 0 0 0 24 24 
 Best so far: 7

64 steps: 43763 boards, 4/24/2011 5:17:32 PM(474244 total puzzles, 1624254 total puzzles considered)
